C:\USERS\JULIO\DOCUMENTS\VISUAL STUDIO 2012\PROJECTS\TORCHENGINE\TORCHENGINE\DEBUG\TORCHENGINED.PCH
C:\USERS\JULIO\DOCUMENTS\VISUAL STUDIO 2012\PROJECTS\TORCHENGINE\TORCHENGINE\DEBUG\TORCHWINDOW.OBJ
C:\USERS\JULIO\DOCUMENTS\VISUAL STUDIO 2012\PROJECTS\TORCHENGINE\TORCHENGINE\DEBUG\TORCHRESOURCE.OBJ
C:\USERS\JULIO\DOCUMENTS\VISUAL STUDIO 2012\PROJECTS\TORCHENGINE\TORCHENGINE\DEBUG\TORCHRENDER.OBJ
C:\USERS\JULIO\DOCUMENTS\VISUAL STUDIO 2012\PROJECTS\TORCHENGINE\TORCHENGINE\DEBUG\TORCHMAIN.OBJ
C:\USERS\JULIO\DOCUMENTS\VISUAL STUDIO 2012\PROJECTS\TORCHENGINE\TORCHENGINE\DEBUG\TORCHAPI.OBJ
C:\USERS\JULIO\DOCUMENTS\VISUAL STUDIO 2012\PROJECTS\TORCHENGINE\TORCHENGINE\DEBUG\DIRECTXTEMPLATEPCH.OBJ
C:\USERS\JULIO\DOCUMENTS\VISUAL STUDIO 2012\PROJECTS\TORCHENGINE\TORCHENGINE\DEBUG\VC110.PDB
C:\USERS\JULIO\DOCUMENTS\VISUAL STUDIO 2012\PROJECTS\TORCHENGINE\TORCHENGINE\DEBUG\INPUTCLASS.OBJ
C:\USERS\JULIO\DOCUMENTS\VISUAL STUDIO 2012\PROJECTS\TORCHENGINE\TORCHENGINE\DEBUG\D3DCLASS.OBJ
C:\USERS\JULIO\DOCUMENTS\VISUAL STUDIO 2012\PROJECTS\TORCHENGINE\TORCHENGINE\BIN\DEBUG\TORCHENGINED.ILK
C:\USERS\JULIO\DOCUMENTS\VISUAL STUDIO 2012\PROJECTS\TORCHENGINE\TORCHENGINE\BIN\DEBUG\TORCHENGINED.EXE
C:\USERS\JULIO\DOCUMENTS\VISUAL STUDIO 2012\PROJECTS\TORCHENGINE\TORCHENGINE\BIN\DEBUG\TORCHENGINED.PDB
C:\USERS\JULIO\DOCUMENTS\VISUAL STUDIO 2012\PROJECTS\TORCHENGINE\TORCHENGINE\DEBUG\TME.RES
c:\Users\Julio\documents\visual studio 2012\Projects\TorchEngine\TorchEngine\Debug\d3dclass.obj
c:\Users\Julio\documents\visual studio 2012\Projects\TorchEngine\TorchEngine\Debug\DirectXTemplatePCH.obj
c:\Users\Julio\documents\visual studio 2012\Projects\TorchEngine\TorchEngine\Debug\inputclass.obj
c:\Users\Julio\documents\visual studio 2012\Projects\TorchEngine\TorchEngine\Debug\TorchAPI.obj
c:\Users\Julio\documents\visual studio 2012\Projects\TorchEngine\TorchEngine\Debug\TorchMain.obj
c:\Users\Julio\documents\visual studio 2012\Projects\TorchEngine\TorchEngine\Debug\TorchRender.obj
c:\Users\Julio\documents\visual studio 2012\Projects\TorchEngine\TorchEngine\Debug\TorchResource.obj
c:\Users\Julio\documents\visual studio 2012\Projects\TorchEngine\TorchEngine\Debug\TorchWindow.obj
c:\Users\Julio\documents\visual studio 2012\Projects\TorchEngine\TorchEngine\Debug\cl.command.1.tlog
c:\Users\Julio\documents\visual studio 2012\Projects\TorchEngine\TorchEngine\Debug\CL.read.1.tlog
c:\Users\Julio\documents\visual studio 2012\Projects\TorchEngine\TorchEngine\Debug\CL.write.1.tlog
c:\Users\Julio\documents\visual studio 2012\Projects\TorchEngine\TorchEngine\Debug\link-cvtres.read.1.tlog
c:\Users\Julio\documents\visual studio 2012\Projects\TorchEngine\TorchEngine\Debug\link-cvtres.write.1.tlog
c:\Users\Julio\documents\visual studio 2012\Projects\TorchEngine\TorchEngine\Debug\link-rc.read.1.tlog
c:\Users\Julio\documents\visual studio 2012\Projects\TorchEngine\TorchEngine\Debug\link-rc.write.1.tlog
c:\Users\Julio\documents\visual studio 2012\Projects\TorchEngine\TorchEngine\Debug\link.5028-cvtres.read.1.tlog
c:\Users\Julio\documents\visual studio 2012\Projects\TorchEngine\TorchEngine\Debug\link.5028-cvtres.write.1.tlog
c:\Users\Julio\documents\visual studio 2012\Projects\TorchEngine\TorchEngine\Debug\link.5028-rc.read.1.tlog
c:\Users\Julio\documents\visual studio 2012\Projects\TorchEngine\TorchEngine\Debug\link.5028-rc.write.1.tlog
c:\Users\Julio\documents\visual studio 2012\Projects\TorchEngine\TorchEngine\Debug\link.5028.read.1.tlog
c:\Users\Julio\documents\visual studio 2012\Projects\TorchEngine\TorchEngine\Debug\link.5028.write.1.tlog
c:\Users\Julio\documents\visual studio 2012\Projects\TorchEngine\TorchEngine\Debug\link.5540-cvtres.read.1.tlog
c:\Users\Julio\documents\visual studio 2012\Projects\TorchEngine\TorchEngine\Debug\link.5540-cvtres.write.1.tlog
c:\Users\Julio\documents\visual studio 2012\Projects\TorchEngine\TorchEngine\Debug\link.5540-rc.read.1.tlog
c:\Users\Julio\documents\visual studio 2012\Projects\TorchEngine\TorchEngine\Debug\link.5540-rc.write.1.tlog
c:\Users\Julio\documents\visual studio 2012\Projects\TorchEngine\TorchEngine\Debug\link.5540.read.1.tlog
c:\Users\Julio\documents\visual studio 2012\Projects\TorchEngine\TorchEngine\Debug\link.5540.write.1.tlog
c:\Users\Julio\documents\visual studio 2012\Projects\TorchEngine\TorchEngine\Debug\link.5924-cvtres.read.1.tlog
c:\Users\Julio\documents\visual studio 2012\Projects\TorchEngine\TorchEngine\Debug\link.5924-cvtres.write.1.tlog
c:\Users\Julio\documents\visual studio 2012\Projects\TorchEngine\TorchEngine\Debug\link.5924-rc.read.1.tlog
c:\Users\Julio\documents\visual studio 2012\Projects\TorchEngine\TorchEngine\Debug\link.5924-rc.write.1.tlog
c:\Users\Julio\documents\visual studio 2012\Projects\TorchEngine\TorchEngine\Debug\link.5924.read.1.tlog
c:\Users\Julio\documents\visual studio 2012\Projects\TorchEngine\TorchEngine\Debug\link.5924.write.1.tlog
c:\Users\Julio\documents\visual studio 2012\Projects\TorchEngine\TorchEngine\Debug\link.6132-cvtres.read.1.tlog
c:\Users\Julio\documents\visual studio 2012\Projects\TorchEngine\TorchEngine\Debug\link.6132-cvtres.write.1.tlog
c:\Users\Julio\documents\visual studio 2012\Projects\TorchEngine\TorchEngine\Debug\link.6132-rc.read.1.tlog
c:\Users\Julio\documents\visual studio 2012\Projects\TorchEngine\TorchEngine\Debug\link.6132-rc.write.1.tlog
c:\Users\Julio\documents\visual studio 2012\Projects\TorchEngine\TorchEngine\Debug\link.6132.read.1.tlog
c:\Users\Julio\documents\visual studio 2012\Projects\TorchEngine\TorchEngine\Debug\link.6132.write.1.tlog
c:\Users\Julio\documents\visual studio 2012\Projects\TorchEngine\TorchEngine\Debug\link.6648-cvtres.read.1.tlog
c:\Users\Julio\documents\visual studio 2012\Projects\TorchEngine\TorchEngine\Debug\link.6648-cvtres.write.1.tlog
c:\Users\Julio\documents\visual studio 2012\Projects\TorchEngine\TorchEngine\Debug\link.6648-rc.read.1.tlog
c:\Users\Julio\documents\visual studio 2012\Projects\TorchEngine\TorchEngine\Debug\link.6648-rc.write.1.tlog
c:\Users\Julio\documents\visual studio 2012\Projects\TorchEngine\TorchEngine\Debug\link.6648.read.1.tlog
c:\Users\Julio\documents\visual studio 2012\Projects\TorchEngine\TorchEngine\Debug\link.6648.write.1.tlog
c:\Users\Julio\documents\visual studio 2012\Projects\TorchEngine\TorchEngine\Debug\link.6772-cvtres.read.1.tlog
c:\Users\Julio\documents\visual studio 2012\Projects\TorchEngine\TorchEngine\Debug\link.6772-cvtres.write.1.tlog
c:\Users\Julio\documents\visual studio 2012\Projects\TorchEngine\TorchEngine\Debug\link.6772-rc.read.1.tlog
c:\Users\Julio\documents\visual studio 2012\Projects\TorchEngine\TorchEngine\Debug\link.6772-rc.write.1.tlog
c:\Users\Julio\documents\visual studio 2012\Projects\TorchEngine\TorchEngine\Debug\link.6772.read.1.tlog
c:\Users\Julio\documents\visual studio 2012\Projects\TorchEngine\TorchEngine\Debug\link.6772.write.1.tlog
c:\Users\Julio\documents\visual studio 2012\Projects\TorchEngine\TorchEngine\Debug\link.7260-cvtres.read.1.tlog
c:\Users\Julio\documents\visual studio 2012\Projects\TorchEngine\TorchEngine\Debug\link.7260-cvtres.write.1.tlog
c:\Users\Julio\documents\visual studio 2012\Projects\TorchEngine\TorchEngine\Debug\link.7260-rc.read.1.tlog
c:\Users\Julio\documents\visual studio 2012\Projects\TorchEngine\TorchEngine\Debug\link.7260-rc.write.1.tlog
c:\Users\Julio\documents\visual studio 2012\Projects\TorchEngine\TorchEngine\Debug\link.7260.read.1.tlog
c:\Users\Julio\documents\visual studio 2012\Projects\TorchEngine\TorchEngine\Debug\link.7260.write.1.tlog
c:\Users\Julio\documents\visual studio 2012\Projects\TorchEngine\TorchEngine\Debug\link.7824-cvtres.read.1.tlog
c:\Users\Julio\documents\visual studio 2012\Projects\TorchEngine\TorchEngine\Debug\link.7824-cvtres.write.1.tlog
c:\Users\Julio\documents\visual studio 2012\Projects\TorchEngine\TorchEngine\Debug\link.7824-rc.read.1.tlog
c:\Users\Julio\documents\visual studio 2012\Projects\TorchEngine\TorchEngine\Debug\link.7824-rc.write.1.tlog
c:\Users\Julio\documents\visual studio 2012\Projects\TorchEngine\TorchEngine\Debug\link.7824.read.1.tlog
c:\Users\Julio\documents\visual studio 2012\Projects\TorchEngine\TorchEngine\Debug\link.7824.write.1.tlog
c:\Users\Julio\documents\visual studio 2012\Projects\TorchEngine\TorchEngine\Debug\link.command.1.tlog
c:\Users\Julio\documents\visual studio 2012\Projects\TorchEngine\TorchEngine\Debug\link.read.1.tlog
c:\Users\Julio\documents\visual studio 2012\Projects\TorchEngine\TorchEngine\Debug\link.write.1.tlog
c:\Users\Julio\documents\visual studio 2012\Projects\TorchEngine\TorchEngine\Debug\rc.command.1.tlog
c:\Users\Julio\documents\visual studio 2012\Projects\TorchEngine\TorchEngine\Debug\rc.read.1.tlog
c:\Users\Julio\documents\visual studio 2012\Projects\TorchEngine\TorchEngine\Debug\rc.write.1.tlog
c:\Users\Julio\documents\visual studio 2012\Projects\TorchEngine\TorchEngine\Debug\TME.res
c:\Users\Julio\documents\visual studio 2012\Projects\TorchEngine\TorchEngine\Debug\TorchEngined.pch
c:\Users\Julio\documents\visual studio 2012\Projects\TorchEngine\TorchEngine\Debug\vc110.idb
c:\Users\Julio\documents\visual studio 2012\Projects\TorchEngine\TorchEngine\Debug\vc110.pdb
c:\Users\Julio\documents\visual studio 2012\Projects\TorchEngine\TorchEngine\bin\Debug\TorchEngined.exe
